<?xml version="1.0" encoding="UTF-8" standalone="yes"?><!DOCTYPE report PUBLIC "-//JACOCO//DTD Report 1.1//EN" "report.dtd"><report name="parking-system"><sessioninfo id="DESKTOP-3DNGVDD-d40f0298" start="1654166871233" dump="1654166876296"/><sessioninfo id="DESKTOP-3DNGVDD-1f39dea9" start="1654166906539" dump="1654166910380"/><sessioninfo id="DESKTOP-3DNGVDD-7b47499" start="1654166956983" dump="1654166960781"/><sessioninfo id="DESKTOP-3DNGVDD-d1ec9a95" start="1654167053436" dump="1654167057441"/><sessioninfo id="DESKTOP-3DNGVDD-97ca37b8" start="1654167077260" dump="1654167081154"/><sessioninfo id="DESKTOP-3DNGVDD-dc6ff5f9" start="1654167360812" dump="1654167364652"/><sessioninfo id="DESKTOP-3DNGVDD-ced676a6" start="1654167705510" dump="1654167709366"/><sessioninfo id="DESKTOP-3DNGVDD-86ac999f" start="1654167730564" dump="1654167734379"/><sessioninfo id="DESKTOP-3DNGVDD-d289ff19" start="1654167756361" dump="1654167760164"/><sessioninfo id="DESKTOP-3DNGVDD-28189520" start="1654168043629" dump="1654168048060"/><sessioninfo id="DESKTOP-3DNGVDD-5d55bfb" start="1654168063224" dump="1654168067273"/><sessioninfo id="DESKTOP-3DNGVDD-4b4eb14d" start="1654168199176" dump="1654168203192"/><sessioninfo id="DESKTOP-3DNGVDD-6d22c7c5" start="1654168353026" dump="1654168358385"/><sessioninfo id="DESKTOP-3DNGVDD-2a1efe66" start="1654168746573" dump="1654168751358"/><sessioninfo id="DESKTOP-3DNGVDD-3f96957b" start="1654193717106" dump="1654193721371"/><sessioninfo id="DESKTOP-3DNGVDD-b80d98b2" start="1655046324691" dump="1655046337234"/><sessioninfo id="DESKTOP-3DNGVDD-55349e05" start="1655048515908" dump="1655048528859"/></report>